0 info it worked if it ends with ok
1 verbose cli [ '/usr/local/bin/node', '/usr/local/bin/npm', 'cache', 'clean' ]
2 info using npm@2.15.9
3 info using node@v4.5.0
4 silly ls normalized .
5 silly gentlyRm /Users/MACarlos/.npm/vary is being purged
6 verbose gentlyRm don't care about contents; nuking /Users/MACarlos/.npm/vary
7 silly vacuum-fs purging /Users/MACarlos/.npm/vary
8 verbose stack Error: EACCES: permission denied, rmdir '/Users/MACarlos/.npm/vary/1.0.1'
8 verbose stack     at Error (native)
9 verbose cwd /Users/MACarlos/lg
10 error Darwin 15.6.0
11 error argv "/usr/local/bin/node" "/usr/local/bin/npm" "cache" "clean"
12 error node v4.5.0
13 error npm  v2.15.9
14 error path /Users/MACarlos/.npm/vary/1.0.1
15 error code EACCES
16 error errno -13
17 error syscall rmdir
18 error Error: EACCES: permission denied, rmdir '/Users/MACarlos/.npm/vary/1.0.1'
18 error     at Error (native)
18 error  { [Error: EACCES: permission denied, rmdir '/Users/MACarlos/.npm/vary/1.0.1']
18 error   errno: -13,
18 error   code: 'EACCES',
18 error   syscall: 'rmdir',
18 error   path: '/Users/MACarlos/.npm/vary/1.0.1' }
19 error Please try running this command again as root/Administrator.
20 verbose exit [ -13, true ]
